Using pre-set license
Built from '2020.3/release' branch; Version is '2020.3.1f1 (77a89f25062f) revision 7841951'; Using compiler version '192528614'; Build Type 'Release'
OS: 'Windows 10 Pro; OS build 19042.1165; Version 2009; 64bit' Language: 'en' Physical Memory: 16265 MB
BatchMode: 1, IsHumanControllingUs: 0, StartBugReporterOnCrash: 0, Is64bit: 1, IsPro: 0

 COMMAND LINE ARGUMENTS:
C:\Program Files\Unity\Hub\Editor\2020.3.1f1\Editor\Unity.exe
-adb2
-batchMode
-noUpm
-name
AssetImportWorker0
-projectPath
D:/Projects/Fire
-logFile
Logs/AssetImportWorker0.log
-srvPort
65023
Successfully changed project path to: D:/Projects/Fire
D:/Projects/Fire
Using Asset Import Pipeline V2.
Refreshing native plugins compatible for Editor in 19.88 ms, found 0 plugins.
Preloading 0 native plugins for Editor in 0.00 ms.
Initialize engine version: 2020.3.1f1 (77a89f25062f)
[Subsystems] Discovering subsystems at path C:/Program Files/Unity/Hub/Editor/2020.3.1f1/Editor/Data/Resources/UnitySubsystems
[Subsystems] Discovering subsystems at path D:/Projects/Fire/Assets
GfxDevice: creating device client; threaded=0
Direct3D:
    Version:  Direct3D 11.0 [level 11.1]
    Renderer: NVIDIA GeForce GTX 1660 SUPER (ID=0x21c4)
    Vendor:   
    VRAM:     5991 MB
    Driver:   30.0.14.7212
Initialize mono
Mono path[0] = 'C:/Program Files/Unity/Hub/Editor/2020.3.1f1/Editor/Data/Managed'
Mono path[1] = 'C:/Program Files/Unity/Hub/Editor/2020.3.1f1/Editor/Data/MonoBleedingEdge/lib/mono/unityjit'
Mono config path = 'C:/Program Files/Unity/Hub/Editor/2020.3.1f1/Editor/Data/MonoBleedingEdge/etc'
Using monoOptions --debugger-agent=transport=dt_socket,embedding=1,server=y,suspend=n,address=127.0.0.1:56812
Begin MonoManager ReloadAssembly
Registering precompiled unity dll's ...
Register platform support module: C:/Program Files/Unity/Hub/Editor/2020.3.1f1/Editor/Data/PlaybackEngines/WindowsStandaloneSupport/UnityEditor.WindowsStandalone.Extensions.dll
Registered in 0.001150 seconds.
Native extension for WindowsStandalone target not found
Refreshing native plugins compatible for Editor in 19.94 ms, found 0 plugins.
Preloading 0 native plugins for Editor in 0.00 ms.
Invoked RoslynAnalysisRunner static constructor.
RoslynAnalysisRunner will not be running.
RoslynAnalysisRunner has terminated.
Mono: successfully reloaded assembly
- Completed reload, in  1.241 seconds
Platform modules already initialized, skipping
Registering precompiled user dll's ...
Registered in 0.000340 seconds.
Begin MonoManager ReloadAssembly
Native extension for WindowsStandalone target not found
Refreshing native plugins compatible for Editor in 0.21 ms, found 0 plugins.
Preloading 0 native plugins for Editor in 0.00 ms.
Invoked RoslynAnalysisRunner static constructor.
RoslynAnalysisRunner will not be running.
RoslynAnalysisRunner has terminated.
Mono: successfully reloaded assembly
- Completed reload, in  0.670 seconds
Platform modules already initialized, skipping
========================================================================
Worker process is ready to serve import requests
Launched and connected shader compiler UnityShaderCompiler.exe after 0.04 seconds
Refreshing native plugins compatible for Editor in 0.34 ms, found 0 plugins.
Preloading 0 native plugins for Editor in 0.00 ms.
Unloading 1121 Unused Serialized files (Serialized files now loaded: 0)
System memory in use before: 71.2 MB.
System memory in use after: 71.2 MB.

Unloading 10 unused Assets to reduce memory usage. Loaded Objects now: 1584.
Total: 1.449500 ms (FindLiveObjects: 0.151800 ms CreateObjectMapping: 0.028700 ms MarkObjects: 1.192600 ms  DeleteObjects: 0.075300 ms)

========================================================================
Received Import Request.
  path: Assets/Shaders/FireEffectShader.shader
  artifactKey: Guid(8edea6f308a16d24fb7af4428d71de1b) Importer(815301076,1909f56bfc062723c751e8b465ee728b)
Start importing Assets/Shaders/FireEffectShader.shader using Guid(8edea6f308a16d24fb7af4428d71de1b) Importer(815301076,1909f56bfc062723c751e8b465ee728b)  -> (artifact id: '26d4b48b6d0eb67e028fb36edcd018d0') in 0.020932 seconds
  Import took 0.042375 seconds .

========================================================================
Received Import Request.
  Time since last request: 86.083555 seconds.
  path: Assets/Shaders/FireEffectShader.shader
  artifactKey: Guid(8edea6f308a16d24fb7af4428d71de1b) Importer(815301076,1909f56bfc062723c751e8b465ee728b)
Start importing Assets/Shaders/FireEffectShader.shader using Guid(8edea6f308a16d24fb7af4428d71de1b) Importer(815301076,1909f56bfc062723c751e8b465ee728b)  -> (artifact id: '35085980d636fcac84cd708cfc2d50f1') in 0.003116 seconds
  Import took 0.005579 seconds .

========================================================================
Received Import Request.
  Time since last request: 124.479350 seconds.
  path: Assets/FireEffectMat.mat
  artifactKey: Guid(2906be2c220900646943376d1a4451f6) Importer(815301076,1909f56bfc062723c751e8b465ee728b)
Start importing Assets/FireEffectMat.mat using Guid(2906be2c220900646943376d1a4451f6) Importer(815301076,1909f56bfc062723c751e8b465ee728b)  -> (artifact id: 'b4b336e16f8c87a1446fc02804d2f9b9') in 0.266640 seconds
  Import took 0.268665 seconds .

========================================================================
Received Prepare
Registering precompiled user dll's ...
Registered in 0.000622 seconds.
Begin MonoManager ReloadAssembly
Native extension for WindowsStandalone target not found
Refreshing native plugins compatible for Editor in 0.21 ms, found 0 plugins.
Preloading 0 native plugins for Editor in 0.00 ms.
Invoked RoslynAnalysisRunner static constructor.
RoslynAnalysisRunner will not be running.
RoslynAnalysisRunner has terminated.
Mono: successfully reloaded assembly
- Completed reload, in  0.735 seconds
Platform modules already initialized, skipping
Refreshing native plugins compatible for Editor in 0.24 ms, found 0 plugins.
Preloading 0 native plugins for Editor in 0.00 ms.
Unloading 1111 Unused Serialized files (Serialized files now loaded: 0)
System memory in use before: 74.1 MB.
System memory in use after: 74.1 MB.

Unloading 5 unused Assets to reduce memory usage. Loaded Objects now: 1628.
Total: 1.584100 ms (FindLiveObjects: 0.168500 ms CreateObjectMapping: 0.028600 ms MarkObjects: 1.324200 ms  DeleteObjects: 0.061900 ms)

========================================================================
Received Import Request.
  Time since last request: 242.227745 seconds.
  path: Assets/FireEffectMat.mat
  artifactKey: Guid(2906be2c220900646943376d1a4451f6) Importer(815301076,1909f56bfc062723c751e8b465ee728b)
Start importing Assets/FireEffectMat.mat using Guid(2906be2c220900646943376d1a4451f6) Importer(815301076,1909f56bfc062723c751e8b465ee728b)  -> (artifact id: '226509c819f9f1fed51a0fc3da26cb84') in 0.085768 seconds
  Import took 0.100458 seconds .

========================================================================
Received Prepare
Registering precompiled user dll's ...
Registered in 0.000624 seconds.
Begin MonoManager ReloadAssembly
Native extension for WindowsStandalone target not found
Refreshing native plugins compatible for Editor in 0.22 ms, found 0 plugins.
Preloading 0 native plugins for Editor in 0.00 ms.
Invoked RoslynAnalysisRunner static constructor.
RoslynAnalysisRunner will not be running.
RoslynAnalysisRunner has terminated.
Mono: successfully reloaded assembly
- Completed reload, in  0.673 seconds
Platform modules already initialized, skipping
Refreshing native plugins compatible for Editor in 0.22 ms, found 0 plugins.
Preloading 0 native plugins for Editor in 0.00 ms.
Unloading 1111 Unused Serialized files (Serialized files now loaded: 0)
System memory in use before: 74.1 MB.
System memory in use after: 74.2 MB.

Unloading 5 unused Assets to reduce memory usage. Loaded Objects now: 1632.
Total: 1.824200 ms (FindLiveObjects: 0.160700 ms CreateObjectMapping: 0.031200 ms MarkObjects: 1.560500 ms  DeleteObjects: 0.070600 ms)

========================================================================
Received Import Request.
  Time since last request: 5.316078 seconds.
  path: Assets/FireEffectMat.mat
  artifactKey: Guid(2906be2c220900646943376d1a4451f6) Importer(815301076,1909f56bfc062723c751e8b465ee728b)
Start importing Assets/FireEffectMat.mat using Guid(2906be2c220900646943376d1a4451f6) Importer(815301076,1909f56bfc062723c751e8b465ee728b)  -> (artifact id: '2947e00eb38fe1fb629f94cd5854629e') in 0.054230 seconds
  Import took 0.056197 seconds .

========================================================================
Received Import Request.
  Time since last request: 1.386524 seconds.
  path: Assets/FireEffectMat.mat
  artifactKey: Guid(2906be2c220900646943376d1a4451f6) Importer(815301076,1909f56bfc062723c751e8b465ee728b)
Start importing Assets/FireEffectMat.mat using Guid(2906be2c220900646943376d1a4451f6) Importer(815301076,1909f56bfc062723c751e8b465ee728b)  -> (artifact id: '2947e00eb38fe1fb629f94cd5854629e') in 0.013311 seconds
  Import took 0.015665 seconds .

========================================================================
Received Prepare
Registering precompiled user dll's ...
Registered in 0.000364 seconds.
Begin MonoManager ReloadAssembly
Native extension for WindowsStandalone target not found
Refreshing native plugins compatible for Editor in 0.24 ms, found 0 plugins.
Preloading 0 native plugins for Editor in 0.00 ms.
Invoked RoslynAnalysisRunner static constructor.
RoslynAnalysisRunner will not be running.
RoslynAnalysisRunner has terminated.
Mono: successfully reloaded assembly
- Completed reload, in  0.662 seconds
Platform modules already initialized, skipping
Refreshing native plugins compatible for Editor in 0.21 ms, found 0 plugins.
Preloading 0 native plugins for Editor in 0.00 ms.
Unloading 1111 Unused Serialized files (Serialized files now loaded: 0)
System memory in use before: 74.1 MB.
System memory in use after: 74.2 MB.

Unloading 5 unused Assets to reduce memory usage. Loaded Objects now: 1636.
Total: 1.449300 ms (FindLiveObjects: 0.159100 ms CreateObjectMapping: 0.026200 ms MarkObjects: 1.210200 ms  DeleteObjects: 0.052900 ms)

========================================================================
Received Prepare
Registering precompiled user dll's ...
Registered in 0.000401 seconds.
Begin MonoManager ReloadAssembly
Native extension for WindowsStandalone target not found
Refreshing native plugins compatible for Editor in 0.22 ms, found 0 plugins.
Preloading 0 native plugins for Editor in 0.00 ms.
Invoked RoslynAnalysisRunner static constructor.
RoslynAnalysisRunner will not be running.
RoslynAnalysisRunner has terminated.
Mono: successfully reloaded assembly
- Completed reload, in  0.677 seconds
Platform modules already initialized, skipping
Refreshing native plugins compatible for Editor in 0.21 ms, found 0 plugins.
Preloading 0 native plugins for Editor in 0.00 ms.
Unloading 1111 Unused Serialized files (Serialized files now loaded: 0)
System memory in use before: 74.1 MB.
System memory in use after: 74.2 MB.

Unloading 5 unused Assets to reduce memory usage. Loaded Objects now: 1639.
Total: 1.567100 ms (FindLiveObjects: 0.159400 ms CreateObjectMapping: 0.031600 ms MarkObjects: 1.309200 ms  DeleteObjects: 0.066000 ms)

========================================================================
Received Import Request.
  Time since last request: 78.378595 seconds.
  path: Assets/FireMat.mat
  artifactKey: Guid(2906be2c220900646943376d1a4451f6) Importer(815301076,1909f56bfc062723c751e8b465ee728b)
Start importing Assets/FireMat.mat using Guid(2906be2c220900646943376d1a4451f6) Importer(815301076,1909f56bfc062723c751e8b465ee728b)  -> (artifact id: 'ce14a838e7c61779c92e53aa34436bb0') in 0.053023 seconds
  Import took 0.054932 seconds .

========================================================================
Received Import Request.
  Time since last request: 1.875703 seconds.
  path: Assets/Materials/woodTex.mat
  artifactKey: Guid(376bb74118e5af34f96af376cabcf6d3) Importer(815301076,1909f56bfc062723c751e8b465ee728b)
Start importing Assets/Materials/woodTex.mat using Guid(376bb74118e5af34f96af376cabcf6d3) Importer(815301076,1909f56bfc062723c751e8b465ee728b)  -> (artifact id: '1ba4fc0e049a7dab21178874287148ca') in 0.024109 seconds
  Import took 0.039403 seconds .

========================================================================
Received Import Request.
  Time since last request: 24.347837 seconds.
  path: Assets/Textures
  artifactKey: Guid(8a0bd541d749103458df4dcab8ba3538) Importer(815301076,1909f56bfc062723c751e8b465ee728b)
Start importing Assets/Textures using Guid(8a0bd541d749103458df4dcab8ba3538) Importer(815301076,1909f56bfc062723c751e8b465ee728b)  -> (artifact id: '8fdbefdc4f29747782b6bc525914d08e') in 0.006838 seconds
  Import took 0.009016 seconds .

========================================================================
Received Prepare
Registering precompiled user dll's ...
Registered in 0.000483 seconds.
Begin MonoManager ReloadAssembly
Native extension for WindowsStandalone target not found
Refreshing native plugins compatible for Editor in 0.22 ms, found 0 plugins.
Preloading 0 native plugins for Editor in 0.00 ms.
Invoked RoslynAnalysisRunner static constructor.
RoslynAnalysisRunner will not be running.
RoslynAnalysisRunner has terminated.
Mono: successfully reloaded assembly
- Completed reload, in  0.656 seconds
Platform modules already initialized, skipping
Refreshing native plugins compatible for Editor in 0.22 ms, found 0 plugins.
Preloading 0 native plugins for Editor in 0.00 ms.
Unloading 1111 Unused Serialized files (Serialized files now loaded: 0)
System memory in use before: 74.2 MB.
System memory in use after: 74.2 MB.

Unloading 5 unused Assets to reduce memory usage. Loaded Objects now: 1643.
Total: 1.779500 ms (FindLiveObjects: 0.226600 ms CreateObjectMapping: 0.041000 ms MarkObjects: 1.452300 ms  DeleteObjects: 0.058900 ms)

AssetImportWorkerClient::OnTransportError - code=2 error=End of file
