Using pre-set license
Built from '2020.3/release' branch; Version is '2020.3.1f1 (77a89f25062f) revision 7841951'; Using compiler version '192528614'; Build Type 'Release'
OS: 'Windows 10 Pro; OS build 19042.1165; Version 2009; 64bit' Language: 'en' Physical Memory: 16265 MB
BatchMode: 1, IsHumanControllingUs: 0, StartBugReporterOnCrash: 0, Is64bit: 1, IsPro: 0

 COMMAND LINE ARGUMENTS:
C:\Program Files\Unity\Hub\Editor\2020.3.1f1\Editor\Unity.exe
-adb2
-batchMode
-noUpm
-name
AssetImportWorker1
-projectPath
D:/Projects/Fire
-logFile
Logs/AssetImportWorker1.log
-srvPort
61006
Successfully changed project path to: D:/Projects/Fire
D:/Projects/Fire
Using Asset Import Pipeline V2.
Refreshing native plugins compatible for Editor in 19.32 ms, found 0 plugins.
Preloading 0 native plugins for Editor in 0.00 ms.
Initialize engine version: 2020.3.1f1 (77a89f25062f)
[Subsystems] Discovering subsystems at path C:/Program Files/Unity/Hub/Editor/2020.3.1f1/Editor/Data/Resources/UnitySubsystems
[Subsystems] Discovering subsystems at path D:/Projects/Fire/Assets
GfxDevice: creating device client; threaded=0
Direct3D:
    Version:  Direct3D 11.0 [level 11.1]
    Renderer: NVIDIA GeForce GTX 1660 SUPER (ID=0x21c4)
    Vendor:   
    VRAM:     5991 MB
    Driver:   30.0.14.7212
Initialize mono
Mono path[0] = 'C:/Program Files/Unity/Hub/Editor/2020.3.1f1/Editor/Data/Managed'
Mono path[1] = 'C:/Program Files/Unity/Hub/Editor/2020.3.1f1/Editor/Data/MonoBleedingEdge/lib/mono/unityjit'
Mono config path = 'C:/Program Files/Unity/Hub/Editor/2020.3.1f1/Editor/Data/MonoBleedingEdge/etc'
Using monoOptions --debugger-agent=transport=dt_socket,embedding=1,server=y,suspend=n,address=127.0.0.1:56664
Begin MonoManager ReloadAssembly
Registering precompiled unity dll's ...
Register platform support module: C:/Program Files/Unity/Hub/Editor/2020.3.1f1/Editor/Data/PlaybackEngines/WindowsStandaloneSupport/UnityEditor.WindowsStandalone.Extensions.dll
Registered in 0.001449 seconds.
Native extension for WindowsStandalone target not found
Refreshing native plugins compatible for Editor in 20.07 ms, found 0 plugins.
Preloading 0 native plugins for Editor in 0.00 ms.
Invoked RoslynAnalysisRunner static constructor.
RoslynAnalysisRunner will not be running.
RoslynAnalysisRunner has terminated.
Mono: successfully reloaded assembly
- Completed reload, in  1.748 seconds
Platform modules already initialized, skipping
Registering precompiled user dll's ...
Registered in 0.000339 seconds.
Begin MonoManager ReloadAssembly
Native extension for WindowsStandalone target not found
Refreshing native plugins compatible for Editor in 0.21 ms, found 0 plugins.
Preloading 0 native plugins for Editor in 0.00 ms.
Invoked RoslynAnalysisRunner static constructor.
RoslynAnalysisRunner will not be running.
RoslynAnalysisRunner has terminated.
Mono: successfully reloaded assembly
- Completed reload, in  0.698 seconds
Platform modules already initialized, skipping
========================================================================
Worker process is ready to serve import requests
Launched and connected shader compiler UnityShaderCompiler.exe after 0.06 seconds
Refreshing native plugins compatible for Editor in 0.23 ms, found 0 plugins.
Preloading 0 native plugins for Editor in 0.00 ms.
Unloading 1119 Unused Serialized files (Serialized files now loaded: 0)
System memory in use before: 57.9 MB.
System memory in use after: 58.0 MB.

Unloading 10 unused Assets to reduce memory usage. Loaded Objects now: 1562.
Total: 2.235500 ms (FindLiveObjects: 0.247900 ms CreateObjectMapping: 0.047300 ms MarkObjects: 1.848900 ms  DeleteObjects: 0.089600 ms)

========================================================================
Received Import Request.
  path: Assets/woods.jpg
  artifactKey: Guid(6c090867f20e16643a0c5bdbf476c039) Importer(815301076,1909f56bfc062723c751e8b465ee728b)
Start importing Assets/woods.jpg using Guid(6c090867f20e16643a0c5bdbf476c039) Importer(815301076,1909f56bfc062723c751e8b465ee728b)  -> (artifact id: '7688bdc59c0a42741fce08618c563bfb') in 0.076129 seconds
  Import took 0.078166 seconds .

========================================================================
Received Prepare
Registering precompiled user dll's ...
Registered in 0.000369 seconds.
Begin MonoManager ReloadAssembly
Native extension for WindowsStandalone target not found
Refreshing native plugins compatible for Editor in 0.21 ms, found 0 plugins.
Preloading 0 native plugins for Editor in 0.00 ms.
Invoked RoslynAnalysisRunner static constructor.
RoslynAnalysisRunner will not be running.
RoslynAnalysisRunner has terminated.
Mono: successfully reloaded assembly
- Completed reload, in  0.619 seconds
Platform modules already initialized, skipping
Refreshing native plugins compatible for Editor in 0.21 ms, found 0 plugins.
Preloading 0 native plugins for Editor in 0.00 ms.
Unloading 1111 Unused Serialized files (Serialized files now loaded: 0)
System memory in use before: 57.7 MB.
System memory in use after: 57.7 MB.

Unloading 5 unused Assets to reduce memory usage. Loaded Objects now: 1567.
Total: 1.686700 ms (FindLiveObjects: 0.213800 ms CreateObjectMapping: 0.040600 ms MarkObjects: 1.374200 ms  DeleteObjects: 0.057200 ms)

========================================================================
Received Prepare
Registering precompiled user dll's ...
Registered in 0.000349 seconds.
Begin MonoManager ReloadAssembly
Native extension for WindowsStandalone target not found
Refreshing native plugins compatible for Editor in 0.21 ms, found 0 plugins.
Preloading 0 native plugins for Editor in 0.00 ms.
Invoked RoslynAnalysisRunner static constructor.
RoslynAnalysisRunner will not be running.
RoslynAnalysisRunner has terminated.
Mono: successfully reloaded assembly
- Completed reload, in  0.664 seconds
Platform modules already initialized, skipping
Refreshing native plugins compatible for Editor in 0.22 ms, found 0 plugins.
Preloading 0 native plugins for Editor in 0.00 ms.
Unloading 1111 Unused Serialized files (Serialized files now loaded: 0)
System memory in use before: 57.7 MB.
System memory in use after: 57.7 MB.

Unloading 5 unused Assets to reduce memory usage. Loaded Objects now: 1570.
Total: 1.652600 ms (FindLiveObjects: 0.235900 ms CreateObjectMapping: 0.033800 ms MarkObjects: 1.330100 ms  DeleteObjects: 0.051400 ms)

========================================================================
Received Prepare
Registering precompiled user dll's ...
Registered in 0.000327 seconds.
Begin MonoManager ReloadAssembly
Native extension for WindowsStandalone target not found
Refreshing native plugins compatible for Editor in 0.21 ms, found 0 plugins.
Preloading 0 native plugins for Editor in 0.00 ms.
Invoked RoslynAnalysisRunner static constructor.
RoslynAnalysisRunner will not be running.
RoslynAnalysisRunner has terminated.
Mono: successfully reloaded assembly
- Completed reload, in  0.625 seconds
Platform modules already initialized, skipping
Refreshing native plugins compatible for Editor in 0.21 ms, found 0 plugins.
Preloading 0 native plugins for Editor in 0.00 ms.
Unloading 1111 Unused Serialized files (Serialized files now loaded: 0)
System memory in use before: 57.7 MB.
System memory in use after: 57.8 MB.

Unloading 5 unused Assets to reduce memory usage. Loaded Objects now: 1573.
Total: 1.550700 ms (FindLiveObjects: 0.200500 ms CreateObjectMapping: 0.034400 ms MarkObjects: 1.270700 ms  DeleteObjects: 0.044100 ms)

========================================================================
Received Prepare
Registering precompiled user dll's ...
Registered in 0.000346 seconds.
Begin MonoManager ReloadAssembly
Native extension for WindowsStandalone target not found
Refreshing native plugins compatible for Editor in 0.31 ms, found 0 plugins.
Preloading 0 native plugins for Editor in 0.00 ms.
Invoked RoslynAnalysisRunner static constructor.
RoslynAnalysisRunner will not be running.
RoslynAnalysisRunner has terminated.
Mono: successfully reloaded assembly
- Completed reload, in  0.638 seconds
Platform modules already initialized, skipping
Refreshing native plugins compatible for Editor in 0.23 ms, found 0 plugins.
Preloading 0 native plugins for Editor in 0.00 ms.
Unloading 1111 Unused Serialized files (Serialized files now loaded: 0)
System memory in use before: 57.7 MB.
System memory in use after: 57.8 MB.

Unloading 5 unused Assets to reduce memory usage. Loaded Objects now: 1576.
Total: 1.828100 ms (FindLiveObjects: 0.246700 ms CreateObjectMapping: 0.044100 ms MarkObjects: 1.481000 ms  DeleteObjects: 0.054700 ms)

========================================================================
Received Import Request.
  Time since last request: 206.737780 seconds.
  path: Assets/perlinNoise.jpeg
  artifactKey: Guid(7de42a54b91cb66479b876f3596eafcb) Importer(815301076,1909f56bfc062723c751e8b465ee728b)
Start importing Assets/perlinNoise.jpeg using Guid(7de42a54b91cb66479b876f3596eafcb) Importer(815301076,1909f56bfc062723c751e8b465ee728b)  -> (artifact id: '514312283afe29de4a0a42a6427db5b8') in 0.041665 seconds
  Import took 0.043662 seconds .

========================================================================
Received Prepare
Registering precompiled user dll's ...
Registered in 0.000440 seconds.
Begin MonoManager ReloadAssembly
Native extension for WindowsStandalone target not found
Refreshing native plugins compatible for Editor in 0.21 ms, found 0 plugins.
Preloading 0 native plugins for Editor in 0.00 ms.
Invoked RoslynAnalysisRunner static constructor.
RoslynAnalysisRunner will not be running.
RoslynAnalysisRunner has terminated.
Mono: successfully reloaded assembly
- Completed reload, in  0.632 seconds
Platform modules already initialized, skipping
Refreshing native plugins compatible for Editor in 0.21 ms, found 0 plugins.
Preloading 0 native plugins for Editor in 0.00 ms.
Unloading 1111 Unused Serialized files (Serialized files now loaded: 0)
System memory in use before: 57.7 MB.
System memory in use after: 57.8 MB.

Unloading 5 unused Assets to reduce memory usage. Loaded Objects now: 1580.
Total: 1.531500 ms (FindLiveObjects: 0.184700 ms CreateObjectMapping: 0.027600 ms MarkObjects: 1.271000 ms  DeleteObjects: 0.047200 ms)

========================================================================
Received Prepare
Registering precompiled user dll's ...
Registered in 0.000320 seconds.
Begin MonoManager ReloadAssembly
Native extension for WindowsStandalone target not found
Refreshing native plugins compatible for Editor in 0.20 ms, found 0 plugins.
Preloading 0 native plugins for Editor in 0.00 ms.
Invoked RoslynAnalysisRunner static constructor.
RoslynAnalysisRunner will not be running.
RoslynAnalysisRunner has terminated.
Mono: successfully reloaded assembly
- Completed reload, in  0.681 seconds
Platform modules already initialized, skipping
Refreshing native plugins compatible for Editor in 0.22 ms, found 0 plugins.
Preloading 0 native plugins for Editor in 0.00 ms.
Unloading 1111 Unused Serialized files (Serialized files now loaded: 0)
System memory in use before: 57.7 MB.
System memory in use after: 57.8 MB.

Unloading 5 unused Assets to reduce memory usage. Loaded Objects now: 1583.
Total: 1.766100 ms (FindLiveObjects: 0.229200 ms CreateObjectMapping: 0.037100 ms MarkObjects: 1.449400 ms  DeleteObjects: 0.049400 ms)

========================================================================
Received Import Request.
  Time since last request: 2380.903993 seconds.
  path: Assets/perlinNoise.jpeg
  artifactKey: Guid(7de42a54b91cb66479b876f3596eafcb) Importer(815301076,1909f56bfc062723c751e8b465ee728b)
Start importing Assets/perlinNoise.jpeg using Guid(7de42a54b91cb66479b876f3596eafcb) Importer(815301076,1909f56bfc062723c751e8b465ee728b)  -> (artifact id: 'c2b639b69feb56ed2da3dd0c98d24467') in 0.051064 seconds
  Import took 0.053213 seconds .

========================================================================
Received Import Request.
  Time since last request: 12.680659 seconds.
  path: Assets/perlinNoise.jpeg
  artifactKey: Guid(7de42a54b91cb66479b876f3596eafcb) Importer(815301076,1909f56bfc062723c751e8b465ee728b)
Start importing Assets/perlinNoise.jpeg using Guid(7de42a54b91cb66479b876f3596eafcb) Importer(815301076,1909f56bfc062723c751e8b465ee728b)  -> (artifact id: 'f414784469fe9855b6e62620241f8b02') in 0.011927 seconds
  Import took 0.013732 seconds .

========================================================================
Received Import Request.
  Time since last request: 0.004349 seconds.
  path: Assets/perlinNoise.jpeg
  artifactKey: Guid(7de42a54b91cb66479b876f3596eafcb) Importer(815301076,1909f56bfc062723c751e8b465ee728b)
Start importing Assets/perlinNoise.jpeg using Guid(7de42a54b91cb66479b876f3596eafcb) Importer(815301076,1909f56bfc062723c751e8b465ee728b)  -> (artifact id: 'f414784469fe9855b6e62620241f8b02') in 0.009984 seconds
  Import took 0.011801 seconds .

========================================================================
Received Import Request.
  Time since last request: 369.308272 seconds.
  path: Assets/2.png
  artifactKey: Guid(8f74c9315099932498fa073acdfd3d87) Importer(815301076,1909f56bfc062723c751e8b465ee728b)
Start importing Assets/2.png using Guid(8f74c9315099932498fa073acdfd3d87) Importer(815301076,1909f56bfc062723c751e8b465ee728b)  -> (artifact id: 'a9bd17876481bc4d4ad8e3c0f338c794') in 0.027818 seconds
  Import took 0.029820 seconds .

========================================================================
Received Prepare
Registering precompiled user dll's ...
Registered in 0.000674 seconds.
Begin MonoManager ReloadAssembly
Native extension for WindowsStandalone target not found
Refreshing native plugins compatible for Editor in 0.21 ms, found 0 plugins.
Preloading 0 native plugins for Editor in 0.00 ms.
Invoked RoslynAnalysisRunner static constructor.
RoslynAnalysisRunner will not be running.
RoslynAnalysisRunner has terminated.
Mono: successfully reloaded assembly
- Completed reload, in  0.636 seconds
Platform modules already initialized, skipping
Refreshing native plugins compatible for Editor in 0.20 ms, found 0 plugins.
Preloading 0 native plugins for Editor in 0.00 ms.
Unloading 1111 Unused Serialized files (Serialized files now loaded: 0)
System memory in use before: 57.7 MB.
System memory in use after: 57.8 MB.

Unloading 5 unused Assets to reduce memory usage. Loaded Objects now: 1586.
Total: 1.859700 ms (FindLiveObjects: 0.180200 ms CreateObjectMapping: 0.028400 ms MarkObjects: 1.593500 ms  DeleteObjects: 0.056500 ms)

========================================================================
Received Import Request.
  Time since last request: 65.129877 seconds.
  path: Assets/FireEffectMat.mat
  artifactKey: Guid(2906be2c220900646943376d1a4451f6) Importer(815301076,1909f56bfc062723c751e8b465ee728b)
Start importing Assets/FireEffectMat.mat using Guid(2906be2c220900646943376d1a4451f6) Importer(815301076,1909f56bfc062723c751e8b465ee728b)  -> (artifact id: '65d591c8b151614c793ad9d19becc896') in 0.086922 seconds
  Import took 0.088840 seconds .

========================================================================
Received Prepare
Registering precompiled user dll's ...
Registered in 0.000468 seconds.
Begin MonoManager ReloadAssembly
Native extension for WindowsStandalone target not found
Refreshing native plugins compatible for Editor in 0.21 ms, found 0 plugins.
Preloading 0 native plugins for Editor in 0.00 ms.
Invoked RoslynAnalysisRunner static constructor.
RoslynAnalysisRunner will not be running.
RoslynAnalysisRunner has terminated.
Mono: successfully reloaded assembly
- Completed reload, in  0.635 seconds
Platform modules already initialized, skipping
Refreshing native plugins compatible for Editor in 0.23 ms, found 0 plugins.
Preloading 0 native plugins for Editor in 0.00 ms.
Unloading 1111 Unused Serialized files (Serialized files now loaded: 0)
System memory in use before: 61.1 MB.
System memory in use after: 61.1 MB.

Unloading 5 unused Assets to reduce memory usage. Loaded Objects now: 1628.
Total: 1.650500 ms (FindLiveObjects: 0.207100 ms CreateObjectMapping: 0.047300 ms MarkObjects: 1.348300 ms  DeleteObjects: 0.046700 ms)

========================================================================
Received Import Request.
  Time since last request: 791.129770 seconds.
  path: Assets/FireEffectMat.mat
  artifactKey: Guid(2906be2c220900646943376d1a4451f6) Importer(815301076,1909f56bfc062723c751e8b465ee728b)
Start importing Assets/FireEffectMat.mat using Guid(2906be2c220900646943376d1a4451f6) Importer(815301076,1909f56bfc062723c751e8b465ee728b)  -> (artifact id: 'f057747060bfd94bdaa18dd520f6b04c') in 0.065160 seconds
  Import took 0.067349 seconds .

========================================================================
Received Prepare
Registering precompiled user dll's ...
Registered in 0.000333 seconds.
Begin MonoManager ReloadAssembly
Native extension for WindowsStandalone target not found
Refreshing native plugins compatible for Editor in 0.22 ms, found 0 plugins.
Preloading 0 native plugins for Editor in 0.00 ms.
Invoked RoslynAnalysisRunner static constructor.
RoslynAnalysisRunner will not be running.
RoslynAnalysisRunner has terminated.
Mono: successfully reloaded assembly
- Completed reload, in  0.652 seconds
Platform modules already initialized, skipping
Refreshing native plugins compatible for Editor in 0.29 ms, found 0 plugins.
Preloading 0 native plugins for Editor in 0.00 ms.
Unloading 1111 Unused Serialized files (Serialized files now loaded: 0)
System memory in use before: 61.1 MB.
System memory in use after: 61.2 MB.

Unloading 5 unused Assets to reduce memory usage. Loaded Objects now: 1632.
Total: 1.822300 ms (FindLiveObjects: 0.266400 ms CreateObjectMapping: 0.044500 ms MarkObjects: 1.456100 ms  DeleteObjects: 0.054000 ms)

========================================================================
Received Import Request.
  Time since last request: 1865.218601 seconds.
  path: Assets/2.png
  artifactKey: Guid(8f74c9315099932498fa073acdfd3d87) Importer(815301076,1909f56bfc062723c751e8b465ee728b)
Start importing Assets/2.png using Guid(8f74c9315099932498fa073acdfd3d87) Importer(815301076,1909f56bfc062723c751e8b465ee728b)  -> (artifact id: '928aed5f5977d37fef5b559b87472f6c') in 0.045441 seconds
  Import took 0.047483 seconds .

========================================================================
Received Prepare
Registering precompiled user dll's ...
Registered in 0.000466 seconds.
Begin MonoManager ReloadAssembly
Native extension for WindowsStandalone target not found
Refreshing native plugins compatible for Editor in 0.34 ms, found 0 plugins.
Preloading 0 native plugins for Editor in 0.00 ms.
Invoked RoslynAnalysisRunner static constructor.
RoslynAnalysisRunner will not be running.
RoslynAnalysisRunner has terminated.
Mono: successfully reloaded assembly
- Completed reload, in  0.665 seconds
Platform modules already initialized, skipping
Refreshing native plugins compatible for Editor in 0.25 ms, found 0 plugins.
Preloading 0 native plugins for Editor in 0.00 ms.
Unloading 1111 Unused Serialized files (Serialized files now loaded: 0)
System memory in use before: 61.1 MB.
System memory in use after: 61.2 MB.

Unloading 5 unused Assets to reduce memory usage. Loaded Objects now: 1635.
Total: 1.560400 ms (FindLiveObjects: 0.166200 ms CreateObjectMapping: 0.028800 ms MarkObjects: 1.314700 ms  DeleteObjects: 0.049900 ms)

========================================================================
Received Import Request.
  Time since last request: 639.133060 seconds.
  path: Assets/FireEffectMat.mat
  artifactKey: Guid(2906be2c220900646943376d1a4451f6) Importer(815301076,1909f56bfc062723c751e8b465ee728b)
Start importing Assets/FireEffectMat.mat using Guid(2906be2c220900646943376d1a4451f6) Importer(815301076,1909f56bfc062723c751e8b465ee728b)  -> (artifact id: '2a8ae1d57c9dea8a6111f76f9cd0edd3') in 0.059266 seconds
  Import took 0.061285 seconds .

========================================================================
Received Import Request.
  Time since last request: 392.546664 seconds.
  path: Assets/2.png
  artifactKey: Guid(8f74c9315099932498fa073acdfd3d87) Importer(815301076,1909f56bfc062723c751e8b465ee728b)
Start importing Assets/2.png using Guid(8f74c9315099932498fa073acdfd3d87) Importer(815301076,1909f56bfc062723c751e8b465ee728b)  -> (artifact id: '8424e0d7226aade555a9acf8b4234887') in 0.018506 seconds
  Import took 0.021169 seconds .

========================================================================
Received Import Request.
  Time since last request: 10.739676 seconds.
  path: Assets/2.png
  artifactKey: Guid(8f74c9315099932498fa073acdfd3d87) Importer(815301076,1909f56bfc062723c751e8b465ee728b)
Start importing Assets/2.png using Guid(8f74c9315099932498fa073acdfd3d87) Importer(815301076,1909f56bfc062723c751e8b465ee728b)  -> (artifact id: '4ebe0b70a1600693766b7c9d7b592a45') in 0.011219 seconds
  Import took 0.013101 seconds .

========================================================================
Received Import Request.
  Time since last request: 0.006085 seconds.
  path: Assets/2.png
  artifactKey: Guid(8f74c9315099932498fa073acdfd3d87) Importer(815301076,1909f56bfc062723c751e8b465ee728b)
Start importing Assets/2.png using Guid(8f74c9315099932498fa073acdfd3d87) Importer(815301076,1909f56bfc062723c751e8b465ee728b)  -> (artifact id: '4ebe0b70a1600693766b7c9d7b592a45') in 0.012123 seconds
  Import took 0.014110 seconds .

========================================================================
Received Import Request.
  Time since last request: 7.046542 seconds.
  path: Assets/2.png
  artifactKey: Guid(8f74c9315099932498fa073acdfd3d87) Importer(815301076,1909f56bfc062723c751e8b465ee728b)
Start importing Assets/2.png using Guid(8f74c9315099932498fa073acdfd3d87) Importer(815301076,1909f56bfc062723c751e8b465ee728b)  -> (artifact id: '1ddf8bf1ad55824ea504ed0decfa354b') in 0.013004 seconds
  Import took 0.014820 seconds .

========================================================================
Received Import Request.
  Time since last request: 27.069746 seconds.
  path: Assets/2.png
  artifactKey: Guid(8f74c9315099932498fa073acdfd3d87) Importer(815301076,1909f56bfc062723c751e8b465ee728b)
Start importing Assets/2.png using Guid(8f74c9315099932498fa073acdfd3d87) Importer(815301076,1909f56bfc062723c751e8b465ee728b)  -> (artifact id: '77d7d1877abc1735f19461a1f7f8a176') in 0.010544 seconds
  Import took 0.012746 seconds .

========================================================================
Received Import Request.
  Time since last request: 0.004457 seconds.
  path: Assets/2.png
  artifactKey: Guid(8f74c9315099932498fa073acdfd3d87) Importer(815301076,1909f56bfc062723c751e8b465ee728b)
Start importing Assets/2.png using Guid(8f74c9315099932498fa073acdfd3d87) Importer(815301076,1909f56bfc062723c751e8b465ee728b)  -> (artifact id: '77d7d1877abc1735f19461a1f7f8a176') in 0.008343 seconds
  Import took 0.010275 seconds .

========================================================================
Received Import Request.
  Time since last request: 2.581271 seconds.
  path: Assets/2.png
  artifactKey: Guid(8f74c9315099932498fa073acdfd3d87) Importer(815301076,1909f56bfc062723c751e8b465ee728b)
Start importing Assets/2.png using Guid(8f74c9315099932498fa073acdfd3d87) Importer(815301076,1909f56bfc062723c751e8b465ee728b)  -> (artifact id: '5ab655c6460a6a1919ea8f5e4fb6ffc0') in 0.009703 seconds
  Import took 0.011897 seconds .

========================================================================
Received Import Request.
  Time since last request: 0.003726 seconds.
  path: Assets/2.png
  artifactKey: Guid(8f74c9315099932498fa073acdfd3d87) Importer(815301076,1909f56bfc062723c751e8b465ee728b)
Start importing Assets/2.png using Guid(8f74c9315099932498fa073acdfd3d87) Importer(815301076,1909f56bfc062723c751e8b465ee728b)  -> (artifact id: '5ab655c6460a6a1919ea8f5e4fb6ffc0') in 0.010449 seconds
  Import took 0.012494 seconds .

========================================================================
Received Prepare
Registering precompiled user dll's ...
Registered in 0.000423 seconds.
Begin MonoManager ReloadAssembly
Native extension for WindowsStandalone target not found
Refreshing native plugins compatible for Editor in 0.21 ms, found 0 plugins.
Preloading 0 native plugins for Editor in 0.00 ms.
Invoked RoslynAnalysisRunner static constructor.
RoslynAnalysisRunner will not be running.
RoslynAnalysisRunner has terminated.
Mono: successfully reloaded assembly
- Completed reload, in  0.661 seconds
Platform modules already initialized, skipping
Refreshing native plugins compatible for Editor in 0.21 ms, found 0 plugins.
Preloading 0 native plugins for Editor in 0.00 ms.
Unloading 1111 Unused Serialized files (Serialized files now loaded: 0)
System memory in use before: 61.1 MB.
System memory in use after: 61.2 MB.

Unloading 5 unused Assets to reduce memory usage. Loaded Objects now: 1640.
Total: 1.583200 ms (FindLiveObjects: 0.208800 ms CreateObjectMapping: 0.040500 ms MarkObjects: 1.288600 ms  DeleteObjects: 0.044500 ms)

========================================================================
Received Import Request.
  Time since last request: 182.681261 seconds.
  path: Assets/2.png
  artifactKey: Guid(8f74c9315099932498fa073acdfd3d87) Importer(815301076,1909f56bfc062723c751e8b465ee728b)
Start importing Assets/2.png using Guid(8f74c9315099932498fa073acdfd3d87) Importer(815301076,1909f56bfc062723c751e8b465ee728b)  -> (artifact id: 'ea082d580f23ea8d52689969eb42a20e') in 0.033963 seconds
  Import took 0.035858 seconds .

========================================================================
Received Import Request.
  Time since last request: 12.994661 seconds.
  path: Assets/2.png
  artifactKey: Guid(8f74c9315099932498fa073acdfd3d87) Importer(815301076,1909f56bfc062723c751e8b465ee728b)
Start importing Assets/2.png using Guid(8f74c9315099932498fa073acdfd3d87) Importer(815301076,1909f56bfc062723c751e8b465ee728b)  -> (artifact id: '7a92478223714a892ab8ec81037ad7e9') in 0.011149 seconds
  Import took 0.013005 seconds .

========================================================================
Received Import Request.
  Time since last request: 416.287489 seconds.
  path: Assets/FireEffectMat.mat
  artifactKey: Guid(2906be2c220900646943376d1a4451f6) Importer(815301076,1909f56bfc062723c751e8b465ee728b)
Start importing Assets/FireEffectMat.mat using Guid(2906be2c220900646943376d1a4451f6) Importer(815301076,1909f56bfc062723c751e8b465ee728b)  -> (artifact id: '83f6f3597a2111a38e10ab1623278be4') in 0.039512 seconds
  Import took 0.041568 seconds .

========================================================================
Received Import Request.
  Time since last request: 34.841321 seconds.
  path: Assets/FireEffectMat.mat
  artifactKey: Guid(2906be2c220900646943376d1a4451f6) Importer(815301076,1909f56bfc062723c751e8b465ee728b)
Start importing Assets/FireEffectMat.mat using Guid(2906be2c220900646943376d1a4451f6) Importer(815301076,1909f56bfc062723c751e8b465ee728b)  -> (artifact id: '126adc6d06680438c9de75ef278cad5f') in 0.020952 seconds
  Import took 0.022929 seconds .

========================================================================
Received Import Request.
  Time since last request: 18.086398 seconds.
  path: Assets/FireEffectMat.mat
  artifactKey: Guid(2906be2c220900646943376d1a4451f6) Importer(815301076,1909f56bfc062723c751e8b465ee728b)
Start importing Assets/FireEffectMat.mat using Guid(2906be2c220900646943376d1a4451f6) Importer(815301076,1909f56bfc062723c751e8b465ee728b)  -> (artifact id: 'ebc1499e45a7fadcad684d30bd7151c0') in 0.009670 seconds
  Import took 0.011509 seconds .

========================================================================
Received Import Request.
  Time since last request: 18.663750 seconds.
  path: Assets/FireEffectMat.mat
  artifactKey: Guid(2906be2c220900646943376d1a4451f6) Importer(815301076,1909f56bfc062723c751e8b465ee728b)
Start importing Assets/FireEffectMat.mat using Guid(2906be2c220900646943376d1a4451f6) Importer(815301076,1909f56bfc062723c751e8b465ee728b)  -> (artifact id: '1dc95d5ac32f748a349f75c9c9d6733a') in 0.026716 seconds
  Import took 0.028612 seconds .

========================================================================
Received Import Request.
  Time since last request: 62.940532 seconds.
  path: Assets/FireEffectMat.mat
  artifactKey: Guid(2906be2c220900646943376d1a4451f6) Importer(815301076,1909f56bfc062723c751e8b465ee728b)
Start importing Assets/FireEffectMat.mat using Guid(2906be2c220900646943376d1a4451f6) Importer(815301076,1909f56bfc062723c751e8b465ee728b)  -> (artifact id: '0a96526bf456b4be622d2bea06f76b9a') in 0.012801 seconds
  Import took 0.014672 seconds .

========================================================================
Received Prepare
Registering precompiled user dll's ...
Registered in 0.000301 seconds.
Begin MonoManager ReloadAssembly
Native extension for WindowsStandalone target not found
Refreshing native plugins compatible for Editor in 0.23 ms, found 0 plugins.
Preloading 0 native plugins for Editor in 0.00 ms.
Invoked RoslynAnalysisRunner static constructor.
RoslynAnalysisRunner will not be running.
RoslynAnalysisRunner has terminated.
Mono: successfully reloaded assembly
- Completed reload, in  0.602 seconds
Platform modules already initialized, skipping
Refreshing native plugins compatible for Editor in 0.21 ms, found 0 plugins.
Preloading 0 native plugins for Editor in 0.00 ms.
Unloading 1111 Unused Serialized files (Serialized files now loaded: 0)
System memory in use before: 61.1 MB.
System memory in use after: 61.2 MB.

Unloading 5 unused Assets to reduce memory usage. Loaded Objects now: 1644.
Total: 1.444100 ms (FindLiveObjects: 0.128200 ms CreateObjectMapping: 0.027200 ms MarkObjects: 1.244800 ms  DeleteObjects: 0.043000 ms)

AssetImportWorkerClient::OnTransportError - code=2 error=End of file
